INFO:     Will watch for changes in these directories: ['/Users/jeffersonlopes/codes/Sentinela']
INFO:     Uvicorn running on http://0.0.0.0:8000 (Press CTRL+C to quit)
INFO:     Started reloader process [10397] using WatchFiles
Tesseract not found. OCR capabilities will be limited.
INFO:     Started server process [10441]
INFO:     Waiting for application startup.
2025-12-31 07:14:08,285 - root - INFO - Logging initialized. Writing to data/app.log
2025-12-31 07:14:08,285 - src.core.database - INFO - Connecting to ChromaDB at /Users/jeffersonlopes/codes/Sentinela/data/chromadb
/Users/jeffersonlopes/codes/Sentinela/venv/lib/python3.9/site-packages/urllib3/__init__.py:35: NotOpenSSLWarning: urllib3 v2 only supports OpenSSL 1.1.1+, currently the 'ssl' module is compiled with 'LibreSSL 2.8.3'. See: https://github.com/urllib3/urllib3/issues/3020
  warnings.warn(
2025-12-31 07:14:08,348 - src.core.database - INFO - Connecting to SQLite at /Users/jeffersonlopes/codes/Sentinela/data/sqlite/sentinela.db
2025-12-31 07:14:08,352 - src.utils.maintenance - INFO - 🧹 Iniciando limpeza automática de uploads temporários...
2025-12-31 07:14:08,352 - src.utils.maintenance - INFO - ✅ Limpeza concluída: Nenhum arquivo expirado encontrado.
INFO:     Application startup complete.
WARNING:  WatchFiles detected changes in 'src/ingestors/docling_processor.py'. Reloading...
INFO:     Shutting down
INFO:     Waiting for application shutdown.
INFO:     Application shutdown complete.
INFO:     Finished server process [10441]
Tesseract not found. OCR capabilities will be limited.
INFO:     Started server process [10765]
INFO:     Waiting for application startup.
2025-12-31 07:36:04,754 - root - INFO - Logging initialized. Writing to data/app.log
2025-12-31 07:36:04,754 - src.core.database - INFO - Connecting to ChromaDB at /Users/jeffersonlopes/codes/Sentinela/data/chromadb
/Users/jeffersonlopes/codes/Sentinela/venv/lib/python3.9/site-packages/urllib3/__init__.py:35: NotOpenSSLWarning: urllib3 v2 only supports OpenSSL 1.1.1+, currently the 'ssl' module is compiled with 'LibreSSL 2.8.3'. See: https://github.com/urllib3/urllib3/issues/3020
  warnings.warn(
2025-12-31 07:36:04,824 - src.core.database - INFO - Connecting to SQLite at /Users/jeffersonlopes/codes/Sentinela/data/sqlite/sentinela.db
2025-12-31 07:36:04,828 - src.utils.maintenance - INFO - 🧹 Iniciando limpeza automática de uploads temporários...
2025-12-31 07:36:04,828 - src.utils.maintenance - INFO - ✅ Limpeza concluída: Nenhum arquivo expirado encontrado.
INFO:     Application startup complete.
WARNING:  WatchFiles detected changes in 'src/ingestors/router.py'. Reloading...
INFO:     Shutting down
INFO:     Waiting for application shutdown.
INFO:     Application shutdown complete.
INFO:     Finished server process [10765]
Tesseract not found. OCR capabilities will be limited.
INFO:     Started server process [10772]
INFO:     Waiting for application startup.
2025-12-31 07:36:06,730 - root - INFO - Logging initialized. Writing to data/app.log
2025-12-31 07:36:06,730 - src.core.database - INFO - Connecting to ChromaDB at /Users/jeffersonlopes/codes/Sentinela/data/chromadb
/Users/jeffersonlopes/codes/Sentinela/venv/lib/python3.9/site-packages/urllib3/__init__.py:35: NotOpenSSLWarning: urllib3 v2 only supports OpenSSL 1.1.1+, currently the 'ssl' module is compiled with 'LibreSSL 2.8.3'. See: https://github.com/urllib3/urllib3/issues/3020
  warnings.warn(
2025-12-31 07:36:06,798 - src.core.database - INFO - Connecting to SQLite at /Users/jeffersonlopes/codes/Sentinela/data/sqlite/sentinela.db
2025-12-31 07:36:06,802 - src.utils.maintenance - INFO - 🧹 Iniciando limpeza automática de uploads temporários...
2025-12-31 07:36:06,802 - src.utils.maintenance - INFO - ✅ Limpeza concluída: Nenhum arquivo expirado encontrado.
INFO:     Application startup complete.
WARNING:  WatchFiles detected changes in 'src/interfaces/api/routes/upload.py'. Reloading...
INFO:     Shutting down
INFO:     Waiting for application shutdown.
INFO:     Application shutdown complete.
INFO:     Finished server process [10772]
Tesseract not found. OCR capabilities will be limited.
Docling não está instalado ou falhou ao importar.
/Users/jeffersonlopes/codes/Sentinela/venv/lib/python3.9/site-packages/urllib3/__init__.py:35: NotOpenSSLWarning: urllib3 v2 only supports OpenSSL 1.1.1+, currently the 'ssl' module is compiled with 'LibreSSL 2.8.3'. See: https://github.com/urllib3/urllib3/issues/3020
  warnings.warn(
INFO:     Started server process [11041]
INFO:     Waiting for application startup.
2025-12-31 07:36:40,524 - root - INFO - Logging initialized. Writing to data/app.log
2025-12-31 07:36:40,524 - src.core.database - INFO - Connecting to ChromaDB at /Users/jeffersonlopes/codes/Sentinela/data/chromadb
2025-12-31 07:36:40,564 - src.core.database - INFO - Connecting to SQLite at /Users/jeffersonlopes/codes/Sentinela/data/sqlite/sentinela.db
2025-12-31 07:36:40,568 - src.utils.maintenance - INFO - 🧹 Iniciando limpeza automática de uploads temporários...
2025-12-31 07:36:40,568 - src.utils.maintenance - INFO - ✅ Limpeza concluída: Nenhum arquivo expirado encontrado.
INFO:     Application startup complete.
INFO:     127.0.0.1:58188 - "GET /api/documents/?limit=100 HTTP/1.1" 200 OK
INFO:     127.0.0.1:58190 - "GET /api/admin/stats HTTP/1.1" 200 OK
INFO:     127.0.0.1:58192 - "GET /api/documents/?limit=100 HTTP/1.1" 200 OK
INFO:     127.0.0.1:58194 - "GET /api/admin/stats HTTP/1.1" 200 OK
INFO:     127.0.0.1:58197 - "GET /api/documents/?limit=100 HTTP/1.1" 200 OK
INFO:     127.0.0.1:58200 - "GET /api/admin/stats HTTP/1.1" 200 OK
INFO:     127.0.0.1:58204 - "GET /api/documents/?limit=100 HTTP/1.1" 200 OK
INFO:     127.0.0.1:58206 - "GET /api/admin/stats HTTP/1.1" 200 OK
INFO:     127.0.0.1:58209 - "GET /api/documents/?limit=100 HTTP/1.1" 200 OK
INFO:     127.0.0.1:58212 - "GET /api/admin/stats HTTP/1.1" 200 OK
INFO:     127.0.0.1:58216 - "GET /api/documents/?limit=100 HTTP/1.1" 200 OK
INFO:     127.0.0.1:58218 - "GET /api/admin/stats HTTP/1.1" 200 OK
INFO:     127.0.0.1:58223 - "GET /api/documents/?limit=100 HTTP/1.1" 200 OK
INFO:     127.0.0.1:58224 - "GET /api/admin/stats HTTP/1.1" 200 OK
INFO:     127.0.0.1:58228 - "GET /api/documents/?limit=100 HTTP/1.1" 200 OK
INFO:     127.0.0.1:58230 - "GET /api/admin/stats HTTP/1.1" 200 OK
INFO:     127.0.0.1:58237 - "GET /api/documents/?limit=100 HTTP/1.1" 200 OK
INFO:     127.0.0.1:58238 - "GET /api/admin/stats HTTP/1.1" 200 OK
INFO:     127.0.0.1:58240 - "GET /api/documents/?limit=100 HTTP/1.1" 200 OK
INFO:     127.0.0.1:58242 - "GET /api/admin/stats HTTP/1.1" 200 OK
INFO:     127.0.0.1:58245 - "GET /api/documents/?limit=100 HTTP/1.1" 200 OK
INFO:     127.0.0.1:58248 - "GET /api/admin/stats HTTP/1.1" 200 OK
INFO:     127.0.0.1:58252 - "GET /api/documents/?limit=100 HTTP/1.1" 200 OK
INFO:     127.0.0.1:58254 - "GET /api/admin/stats HTTP/1.1" 200 OK
INFO:     127.0.0.1:58258 - "GET /api/documents/?limit=100 HTTP/1.1" 200 OK
INFO:     127.0.0.1:58260 - "GET /api/admin/stats HTTP/1.1" 200 OK
INFO:     127.0.0.1:58264 - "GET /api/documents/?limit=100 HTTP/1.1" 200 OK
INFO:     127.0.0.1:58266 - "GET /api/admin/stats HTTP/1.1" 200 OK
INFO:     127.0.0.1:58270 - "GET /api/documents/?limit=100 HTTP/1.1" 200 OK
INFO:     127.0.0.1:58272 - "GET /api/admin/stats HTTP/1.1" 200 OK
INFO:     127.0.0.1:58276 - "GET /api/documents/?limit=100 HTTP/1.1" 200 OK
INFO:     127.0.0.1:58278 - "GET /api/admin/stats HTTP/1.1" 200 OK
WARNING:  WatchFiles detected changes in 'src/ingestors/diario_oficial.py'. Reloading...
INFO:     Shutting down
INFO:     Waiting for application shutdown.
INFO:     Application shutdown complete.
INFO:     Finished server process [11041]
Tesseract not found. OCR capabilities will be limited.
Docling não está instalado ou falhou ao importar.
/Users/jeffersonlopes/codes/Sentinela/venv/lib/python3.9/site-packages/urllib3/__init__.py:35: NotOpenSSLWarning: urllib3 v2 only supports OpenSSL 1.1.1+, currently the 'ssl' module is compiled with 'LibreSSL 2.8.3'. See: https://github.com/urllib3/urllib3/issues/3020
  warnings.warn(
Process SpawnProcess-5:
Traceback (most recent call last):
  File "/Library/Developer/CommandLineTools/Library/Frameworks/Python3.framework/Versions/3.9/lib/python3.9/multiprocessing/process.py", line 315, in _bootstrap
    self.run()
  File "/Library/Developer/CommandLineTools/Library/Frameworks/Python3.framework/Versions/3.9/lib/python3.9/multiprocessing/process.py", line 108, in run
    self._target(*self._args, **self._kwargs)
  File "/Users/jeffersonlopes/codes/Sentinela/venv/lib/python3.9/site-packages/uvicorn/_subprocess.py", line 80, in subprocess_started
    target(sockets=sockets)
  File "/Users/jeffersonlopes/codes/Sentinela/venv/lib/python3.9/site-packages/uvicorn/server.py", line 67, in run
    return asyncio_run(self.serve(sockets=sockets), loop_factory=self.config.get_loop_factory())
  File "/Users/jeffersonlopes/codes/Sentinela/venv/lib/python3.9/site-packages/uvicorn/_compat.py", line 60, in asyncio_run
    return loop.run_until_complete(main)
  File "uvloop/loop.pyx", line 1518, in uvloop.loop.Loop.run_until_complete
  File "/Users/jeffersonlopes/codes/Sentinela/venv/lib/python3.9/site-packages/uvicorn/server.py", line 71, in serve
    await self._serve(sockets)
  File "/Users/jeffersonlopes/codes/Sentinela/venv/lib/python3.9/site-packages/uvicorn/server.py", line 78, in _serve
    config.load()
  File "/Users/jeffersonlopes/codes/Sentinela/venv/lib/python3.9/site-packages/uvicorn/config.py", line 439, in load
    self.loaded_app = import_from_string(self.app)
  File "/Users/jeffersonlopes/codes/Sentinela/venv/lib/python3.9/site-packages/uvicorn/importer.py", line 19, in import_from_string
    module = importlib.import_module(module_str)
  File "/Library/Developer/CommandLineTools/Library/Frameworks/Python3.framework/Versions/3.9/lib/python3.9/importlib/__init__.py", line 127, in import_module
    return _bootstrap._gcd_import(name[level:], package, level)
  File "<frozen importlib._bootstrap>", line 1030, in _gcd_import
  File "<frozen importlib._bootstrap>", line 1007, in _find_and_load
  File "<frozen importlib._bootstrap>", line 986, in _find_and_load_unlocked
  File "<frozen importlib._bootstrap>", line 680, in _load_unlocked
  File "<frozen importlib._bootstrap_external>", line 850, in exec_module
  File "<frozen importlib._bootstrap>", line 228, in _call_with_frames_removed
  File "/Users/jeffersonlopes/codes/Sentinela/src/interfaces/api/main.py", line 6, in <module>
    from src.interfaces.api.routes import health, chat, upload, documents, admin
  File "/Users/jeffersonlopes/codes/Sentinela/src/interfaces/api/routes/admin.py", line 7, in <module>
    from src.ingestors.diario_oficial import diario_ingestor
  File "/Users/jeffersonlopes/codes/Sentinela/src/ingestors/diario_oficial.py", line 156
    from src.ingestors.docling_processor import docling_processor
IndentationError: expected an indented block
WARNING:  WatchFiles detected changes in 'src/ingestors/diario_oficial.py'. Reloading...
Tesseract not found. OCR capabilities will be limited.
Docling não está instalado ou falhou ao importar.
/Users/jeffersonlopes/codes/Sentinela/venv/lib/python3.9/site-packages/urllib3/__init__.py:35: NotOpenSSLWarning: urllib3 v2 only supports OpenSSL 1.1.1+, currently the 'ssl' module is compiled with 'LibreSSL 2.8.3'. See: https://github.com/urllib3/urllib3/issues/3020
  warnings.warn(
Process SpawnProcess-6:
Traceback (most recent call last):
  File "/Library/Developer/CommandLineTools/Library/Frameworks/Python3.framework/Versions/3.9/lib/python3.9/multiprocessing/process.py", line 315, in _bootstrap
    self.run()
  File "/Library/Developer/CommandLineTools/Library/Frameworks/Python3.framework/Versions/3.9/lib/python3.9/multiprocessing/process.py", line 108, in run
    self._target(*self._args, **self._kwargs)
  File "/Users/jeffersonlopes/codes/Sentinela/venv/lib/python3.9/site-packages/uvicorn/_subprocess.py", line 80, in subprocess_started
    target(sockets=sockets)
  File "/Users/jeffersonlopes/codes/Sentinela/venv/lib/python3.9/site-packages/uvicorn/server.py", line 67, in run
    return asyncio_run(self.serve(sockets=sockets), loop_factory=self.config.get_loop_factory())
  File "/Users/jeffersonlopes/codes/Sentinela/venv/lib/python3.9/site-packages/uvicorn/_compat.py", line 60, in asyncio_run
    return loop.run_until_complete(main)
  File "uvloop/loop.pyx", line 1518, in uvloop.loop.Loop.run_until_complete
  File "/Users/jeffersonlopes/codes/Sentinela/venv/lib/python3.9/site-packages/uvicorn/server.py", line 71, in serve
    await self._serve(sockets)
  File "/Users/jeffersonlopes/codes/Sentinela/venv/lib/python3.9/site-packages/uvicorn/server.py", line 78, in _serve
    config.load()
  File "/Users/jeffersonlopes/codes/Sentinela/venv/lib/python3.9/site-packages/uvicorn/config.py", line 439, in load
    self.loaded_app = import_from_string(self.app)
  File "/Users/jeffersonlopes/codes/Sentinela/venv/lib/python3.9/site-packages/uvicorn/importer.py", line 19, in import_from_string
    module = importlib.import_module(module_str)
  File "/Library/Developer/CommandLineTools/Library/Frameworks/Python3.framework/Versions/3.9/lib/python3.9/importlib/__init__.py", line 127, in import_module
    return _bootstrap._gcd_import(name[level:], package, level)
  File "<frozen importlib._bootstrap>", line 1030, in _gcd_import
  File "<frozen importlib._bootstrap>", line 1007, in _find_and_load
  File "<frozen importlib._bootstrap>", line 986, in _find_and_load_unlocked
  File "<frozen importlib._bootstrap>", line 680, in _load_unlocked
  File "<frozen importlib._bootstrap_external>", line 850, in exec_module
  File "<frozen importlib._bootstrap>", line 228, in _call_with_frames_removed
  File "/Users/jeffersonlopes/codes/Sentinela/src/interfaces/api/main.py", line 6, in <module>
    from src.interfaces.api.routes import health, chat, upload, documents, admin
  File "/Users/jeffersonlopes/codes/Sentinela/src/interfaces/api/routes/admin.py", line 7, in <module>
    from src.ingestors.diario_oficial import diario_ingestor
  File "/Users/jeffersonlopes/codes/Sentinela/src/ingestors/diario_oficial.py", line 156
    from src.ingestors.docling_processor import docling_processor
IndentationError: expected an indented block
WARNING:  WatchFiles detected changes in 'src/core/ocr_engine.py'. Reloading...
Tesseract not found. OCR capabilities will be limited.
Docling não está instalado ou falhou ao importar.
/Users/jeffersonlopes/codes/Sentinela/venv/lib/python3.9/site-packages/urllib3/__init__.py:35: NotOpenSSLWarning: urllib3 v2 only supports OpenSSL 1.1.1+, currently the 'ssl' module is compiled with 'LibreSSL 2.8.3'. See: https://github.com/urllib3/urllib3/issues/3020
  warnings.warn(
Process SpawnProcess-7:
Traceback (most recent call last):
  File "/Library/Developer/CommandLineTools/Library/Frameworks/Python3.framework/Versions/3.9/lib/python3.9/multiprocessing/process.py", line 315, in _bootstrap
    self.run()
  File "/Library/Developer/CommandLineTools/Library/Frameworks/Python3.framework/Versions/3.9/lib/python3.9/multiprocessing/process.py", line 108, in run
    self._target(*self._args, **self._kwargs)
  File "/Users/jeffersonlopes/codes/Sentinela/venv/lib/python3.9/site-packages/uvicorn/_subprocess.py", line 80, in subprocess_started
    target(sockets=sockets)
  File "/Users/jeffersonlopes/codes/Sentinela/venv/lib/python3.9/site-packages/uvicorn/server.py", line 67, in run
    return asyncio_run(self.serve(sockets=sockets), loop_factory=self.config.get_loop_factory())
  File "/Users/jeffersonlopes/codes/Sentinela/venv/lib/python3.9/site-packages/uvicorn/_compat.py", line 60, in asyncio_run
    return loop.run_until_complete(main)
  File "uvloop/loop.pyx", line 1518, in uvloop.loop.Loop.run_until_complete
  File "/Users/jeffersonlopes/codes/Sentinela/venv/lib/python3.9/site-packages/uvicorn/server.py", line 71, in serve
    await self._serve(sockets)
  File "/Users/jeffersonlopes/codes/Sentinela/venv/lib/python3.9/site-packages/uvicorn/server.py", line 78, in _serve
    config.load()
  File "/Users/jeffersonlopes/codes/Sentinela/venv/lib/python3.9/site-packages/uvicorn/config.py", line 439, in load
    self.loaded_app = import_from_string(self.app)
  File "/Users/jeffersonlopes/codes/Sentinela/venv/lib/python3.9/site-packages/uvicorn/importer.py", line 19, in import_from_string
    module = importlib.import_module(module_str)
  File "/Library/Developer/CommandLineTools/Library/Frameworks/Python3.framework/Versions/3.9/lib/python3.9/importlib/__init__.py", line 127, in import_module
    return _bootstrap._gcd_import(name[level:], package, level)
  File "<frozen importlib._bootstrap>", line 1030, in _gcd_import
  File "<frozen importlib._bootstrap>", line 1007, in _find_and_load
  File "<frozen importlib._bootstrap>", line 986, in _find_and_load_unlocked
  File "<frozen importlib._bootstrap>", line 680, in _load_unlocked
  File "<frozen importlib._bootstrap_external>", line 850, in exec_module
  File "<frozen importlib._bootstrap>", line 228, in _call_with_frames_removed
  File "/Users/jeffersonlopes/codes/Sentinela/src/interfaces/api/main.py", line 6, in <module>
    from src.interfaces.api.routes import health, chat, upload, documents, admin
  File "/Users/jeffersonlopes/codes/Sentinela/src/interfaces/api/routes/admin.py", line 7, in <module>
    from src.ingestors.diario_oficial import diario_ingestor
  File "/Users/jeffersonlopes/codes/Sentinela/src/ingestors/diario_oficial.py", line 156
    from src.ingestors.docling_processor import docling_processor
IndentationError: expected an indented block
INFO:     Stopping reloader process [10397]
